[13-Feb-2025 17:23:00 Asia/Jakarta] PHP Warning:  Undefined variable $nonce in C:\xampp\htdocs\payroll_absensi_v2\payroll\keuangan\rekap_payroll.php on line 440
[13-Feb-2025 17:23:00 Asia/Jakarta] PHP Warning:  Undefined variable $nonce in C:\xampp\htdocs\payroll_absensi_v2\payroll\keuangan\rekap_payroll.php on line 442
[13-Feb-2025 17:23:00 Asia/Jakarta] PHP Warning:  Undefined variable $nonce in C:\xampp\htdocs\payroll_absensi_v2\payroll\keuangan\rekap_payroll.php on line 445
[13-Feb-2025 17:23:00 Asia/Jakarta] PHP Warning:  Undefined variable $nonce in C:\xampp\htdocs\payroll_absensi_v2\payroll\keuangan\rekap_payroll.php on line 446
[13-Feb-2025 17:23:00 Asia/Jakarta] PHP Warning:  Undefined variable $nonce in C:\xampp\htdocs\payroll_absensi_v2\payroll\keuangan\rekap_payroll.php on line 447
[13-Feb-2025 17:23:00 Asia/Jakarta] PHP Warning:  Undefined variable $nonce in C:\xampp\htdocs\payroll_absensi_v2\payroll\keuangan\rekap_payroll.php on line 449
[13-Feb-2025 17:23:00 Asia/Jakarta] PHP Warning:  Undefined variable $nonce in C:\xampp\htdocs\payroll_absensi_v2\payroll\keuangan\rekap_payroll.php on line 450
[13-Feb-2025 17:23:00 Asia/Jakarta] PHP Warning:  Undefined variable $nonce in C:\xampp\htdocs\payroll_absensi_v2\payroll\keuangan\rekap_payroll.php on line 451
[13-Feb-2025 17:23:01 Asia/Jakarta] PHP Fatal error:  Uncaught Error: Call to undefined function bersihkan_input() in C:\xampp\htdocs\payroll_absensi_v2\payroll\keuangan\rekap_payroll.php:71
Stack trace:
#0 {main}
  thrown in C:\xampp\htdocs\payroll_absensi_v2\payroll\keuangan\rekap_payroll.php on line 71
[13-Feb-2025 17:23:03 Asia/Jakarta] PHP Warning:  Undefined variable $nonce in C:\xampp\htdocs\payroll_absensi_v2\payroll\keuangan\rekap_payroll.php on line 440
[13-Feb-2025 17:23:03 Asia/Jakarta] PHP Warning:  Undefined variable $nonce in C:\xampp\htdocs\payroll_absensi_v2\payroll\keuangan\rekap_payroll.php on line 442
[13-Feb-2025 17:23:03 Asia/Jakarta] PHP Warning:  Undefined variable $nonce in C:\xampp\htdocs\payroll_absensi_v2\payroll\keuangan\rekap_payroll.php on line 445
[13-Feb-2025 17:23:03 Asia/Jakarta] PHP Warning:  Undefined variable $nonce in C:\xampp\htdocs\payroll_absensi_v2\payroll\keuangan\rekap_payroll.php on line 446
[13-Feb-2025 17:23:03 Asia/Jakarta] PHP Warning:  Undefined variable $nonce in C:\xampp\htdocs\payroll_absensi_v2\payroll\keuangan\rekap_payroll.php on line 447
[13-Feb-2025 17:23:03 Asia/Jakarta] PHP Warning:  Undefined variable $nonce in C:\xampp\htdocs\payroll_absensi_v2\payroll\keuangan\rekap_payroll.php on line 449
[13-Feb-2025 17:23:03 Asia/Jakarta] PHP Warning:  Undefined variable $nonce in C:\xampp\htdocs\payroll_absensi_v2\payroll\keuangan\rekap_payroll.php on line 450
[13-Feb-2025 17:23:03 Asia/Jakarta] PHP Warning:  Undefined variable $nonce in C:\xampp\htdocs\payroll_absensi_v2\payroll\keuangan\rekap_payroll.php on line 451
[13-Feb-2025 17:23:03 Asia/Jakarta] PHP Fatal error:  Uncaught Error: Call to undefined function bersihkan_input() in C:\xampp\htdocs\payroll_absensi_v2\payroll\keuangan\rekap_payroll.php:71
Stack trace:
#0 {main}
  thrown in C:\xampp\htdocs\payroll_absensi_v2\payroll\keuangan\rekap_payroll.php on line 71
